{"D:\\AI-project\\resume-generator\\src\\App.tsx": {"path":"D:\\AI-project\\resume-generator\\src\\App.tsx","statementMap":{"0":{"start":{"line":10,"column":2},"end":{"line":23,"column":4}}},"fnMap":{"0":{"name":"App","decl":{"start":{"line":9,"column":9},"end":{"line":9,"column":12}},"loc":{"start":{"line":9,"column":15},"end":{"line":24,"column":1}},"line":9}},"branchMap":{},"s":{"0":0},"f":{"0":0},"b":{}}
,"D:\\AI-project\\resume-generator\\src\\components\\ErrorBoundary.tsx": {"path":"D:\\AI-project\\resume-generator\\src\\components\\ErrorBoundary.tsx","statementMap":{"0":{"start":{"line":16,"column":23},"end":{"line":16,"column":24}},"1":{"start":{"line":19,"column":4},"end":{"line":19,"column":17}},"2":{"start":{"line":20,"column":4},"end":{"line":25,"column":6}},"3":{"start":{"line":29,"column":4},"end":{"line":32,"column":6}},"4":{"start":{"line":36,"column":4},"end":{"line":36,"column":65}},"5":{"start":{"line":37,"column":4},"end":{"line":40,"column":7}},"6":{"start":{"line":43,"column":16},"end":{"line":52,"column":3}},"7":{"start":{"line":44,"column":4},"end":{"line":51,"column":5}},"8":{"start":{"line":45,"column":6},"end":{"line":50,"column":10}},"9":{"start":{"line":45,"column":34},"end":{"line":50,"column":7}},"10":{"start":{"line":55,"column":4},"end":{"line":91,"column":5}},"11":{"start":{"line":56,"column":6},"end":{"line":90,"column":8}},"12":{"start":{"line":72,"column":29},"end":{"line":72,"column":53}},"13":{"start":{"line":93,"column":4},"end":{"line":93,"column":31}}},"fnMap":{"0":{"name":"(anonymous_0)","decl":{"start":{"line":18,"column":2},"end":{"line":18,"column":3}},"loc":{"start":{"line":18,"column":28},"end":{"line":26,"column":3}},"line":18},"1":{"name":"(anonymous_1)","decl":{"start":{"line":28,"column":2},"end":{"line":28,"column":3}},"loc":{"start":{"line":28,"column":64},"end":{"line":33,"column":3}},"line":28},"2":{"name":"(anonymous_2)","decl":{"start":{"line":35,"column":2},"end":{"line":35,"column":3}},"loc":{"start":{"line":35,"column":56},"end":{"line":41,"column":3}},"line":35},"3":{"name":"(anonymous_3)","decl":{"start":{"line":43,"column":16},"end":{"line":43,"column":17}},"loc":{"start":{"line":43,"column":22},"end":{"line":52,"column":3}},"line":43},"4":{"name":"(anonymous_4)","decl":{"start":{"line":45,"column":20},"end":{"line":45,"column":21}},"loc":{"start":{"line":45,"column":34},"end":{"line":50,"column":7}},"line":45},"5":{"name":"(anonymous_5)","decl":{"start":{"line":54,"column":2},"end":{"line":54,"column":3}},"loc":{"start":{"line":54,"column":11},"end":{"line":94,"column":3}},"line":54},"6":{"name":"(anonymous_6)","decl":{"start":{"line":72,"column":23},"end":{"line":72,"column":24}},"loc":{"start":{"line":72,"column":29},"end":{"line":72,"column":53}},"line":72}},"branchMap":{"0":{"loc":{"start":{"line":44,"column":4},"end":{"line":51,"column":5}},"type":"if","locations":[{"start":{"line":44,"column":4},"end":{"line":51,"column":5}},{"start":{},"end":{}}],"line":44},"1":{"loc":{"start":{"line":55,"column":4},"end":{"line":91,"column":5}},"type":"if","locations":[{"start":{"line":55,"column":4},"end":{"line":91,"column":5}},{"start":{},"end":{}}],"line":55},"2":{"loc":{"start":{"line":66,"column":13},"end":{"line":70,"column":13}},"type":"binary-expr","locations":[{"start":{"line":66,"column":13},"end":{"line":66,"column":52}},{"start":{"line":67,"column":14},"end":{"line":69,"column":23}}],"line":66},"3":{"loc":{"start":{"line":77,"column":13},"end":{"line":87,"column":13}},"type":"binary-expr","locations":[{"start":{"line":77,"column":13},"end":{"line":77,"column":51}},{"start":{"line":77,"column":55},"end":{"line":77,"column":71}},{"start":{"line":78,"column":14},"end":{"line":86,"column":24}}],"line":77}},"s":{"0":0,"1":0,"2":0,"3":0,"4":0,"5":0,"6":0,"7":0,"8":0,"9":0,"10":0,"11":0,"12":0,"13":0},"f":{"0":0,"1":0,"2":0,"3":0,"4":0,"5":0,"6":0},"b":{"0":[0,0],"1":[0,0],"2":[0,0],"3":[0,0,0]}}
,"D:\\AI-project\\resume-generator\\src\\components\\Layout.tsx": {"path":"D:\\AI-project\\resume-generator\\src\\components\\Layout.tsx","statementMap":{"0":{"start":{"line":15,"column":45},"end":{"line":87,"column":1}},"1":{"start":{"line":16,"column":19},"end":{"line":16,"column":32}},"2":{"start":{"line":18,"column":21},"end":{"line":23,"column":3}},"3":{"start":{"line":25,"column":2},"end":{"line":86,"column":4}},"4":{"start":{"line":39,"column":33},"end":{"line":39,"column":64}},"5":{"start":{"line":40,"column":16},"end":{"line":53,"column":18}},"6":{"start":{"line":69,"column":29},"end":{"line":69,"column":60}},"7":{"start":{"line":70,"column":12},"end":{"line":81,"column":14}}},"fnMap":{"0":{"name":"(anonymous_0)","decl":{"start":{"line":15,"column":45},"end":{"line":15,"column":46}},"loc":{"start":{"line":15,"column":63},"end":{"line":87,"column":1}},"line":15},"1":{"name":"(anonymous_1)","decl":{"start":{"line":38,"column":30},"end":{"line":38,"column":31}},"loc":{"start":{"line":38,"column":38},"end":{"line":54,"column":15}},"line":38},"2":{"name":"(anonymous_2)","decl":{"start":{"line":68,"column":26},"end":{"line":68,"column":27}},"loc":{"start":{"line":68,"column":34},"end":{"line":82,"column":11}},"line":68}},"branchMap":{"0":{"loc":{"start":{"line":45,"column":22},"end":{"line":47,"column":78}},"type":"cond-expr","locations":[{"start":{"line":46,"column":26},"end":{"line":46,"column":58}},{"start":{"line":47,"column":26},"end":{"line":47,"column":78}}],"line":45},"1":{"loc":{"start":{"line":75,"column":18},"end":{"line":75,"column":65}},"type":"cond-expr","locations":[{"start":{"line":75,"column":29},"end":{"line":75,"column":47}},{"start":{"line":75,"column":50},"end":{"line":75,"column":65}}],"line":75}},"s":{"0":0,"1":0,"2":0,"3":0,"4":0,"5":0,"6":0,"7":0},"f":{"0":0,"1":0,"2":0},"b":{"0":[0,0],"1":[0,0]}}
,"D:\\AI-project\\resume-generator\\src\\pages\\AnalysisPage.tsx": {"path":"D:\\AI-project\\resume-generator\\src\\pages\\AnalysisPage.tsx","statementMap":{"0":{"start":{"line":3,"column":38},"end":{"line":77,"column":1}},"1":{"start":{"line":4,"column":2},"end":{"line":76,"column":4}}},"fnMap":{"0":{"name":"(anonymous_0)","decl":{"start":{"line":3,"column":38},"end":{"line":3,"column":39}},"loc":{"start":{"line":3,"column":44},"end":{"line":77,"column":1}},"line":3}},"branchMap":{},"s":{"0":0,"1":0},"f":{"0":0},"b":{}}
,"D:\\AI-project\\resume-generator\\src\\pages\\HistoryPage.tsx": {"path":"D:\\AI-project\\resume-generator\\src\\pages\\HistoryPage.tsx","statementMap":{"0":{"start":{"line":8,"column":37},"end":{"line":96,"column":1}},"1":{"start":{"line":9,"column":22},"end":{"line":31,"column":3}},"2":{"start":{"line":33,"column":2},"end":{"line":95,"column":4}},"3":{"start":{"line":42,"column":10},"end":{"line":80,"column":16}}},"fnMap":{"0":{"name":"(anonymous_0)","decl":{"start":{"line":8,"column":37},"end":{"line":8,"column":38}},"loc":{"start":{"line":8,"column":43},"end":{"line":96,"column":1}},"line":8},"1":{"name":"(anonymous_1)","decl":{"start":{"line":41,"column":25},"end":{"line":41,"column":26}},"loc":{"start":{"line":42,"column":10},"end":{"line":80,"column":16}},"line":42}},"branchMap":{"0":{"loc":{"start":{"line":84,"column":7},"end":{"line":93,"column":7}},"type":"binary-expr","locations":[{"start":{"line":84,"column":7},"end":{"line":84,"column":31}},{"start":{"line":85,"column":8},"end":{"line":92,"column":14}}],"line":84}},"s":{"0":0,"1":0,"2":0,"3":0},"f":{"0":0,"1":0},"b":{"0":[0,0]}}
,"D:\\AI-project\\resume-generator\\src\\pages\\HomePage.tsx": {"path":"D:\\AI-project\\resume-generator\\src\\pages\\HomePage.tsx","statementMap":{"0":{"start":{"line":10,"column":34},"end":{"line":107,"column":1}},"1":{"start":{"line":11,"column":19},"end":{"line":32,"column":3}},"2":{"start":{"line":34,"column":2},"end":{"line":106,"column":4}},"3":{"start":{"line":59,"column":10},"end":{"line":68,"column":16}}},"fnMap":{"0":{"name":"(anonymous_0)","decl":{"start":{"line":10,"column":34},"end":{"line":10,"column":35}},"loc":{"start":{"line":10,"column":40},"end":{"line":107,"column":1}},"line":10},"1":{"name":"(anonymous_1)","decl":{"start":{"line":58,"column":22},"end":{"line":58,"column":23}},"loc":{"start":{"line":59,"column":10},"end":{"line":68,"column":16}},"line":59}},"branchMap":{},"s":{"0":0,"1":0,"2":0,"3":0},"f":{"0":0,"1":0},"b":{}}
,"D:\\AI-project\\resume-generator\\src\\pages\\ResultsPage.tsx": {"path":"D:\\AI-project\\resume-generator\\src\\pages\\ResultsPage.tsx","statementMap":{"0":{"start":{"line":3,"column":37},"end":{"line":80,"column":1}},"1":{"start":{"line":4,"column":2},"end":{"line":79,"column":4}}},"fnMap":{"0":{"name":"(anonymous_0)","decl":{"start":{"line":3,"column":37},"end":{"line":3,"column":38}},"loc":{"start":{"line":3,"column":43},"end":{"line":80,"column":1}},"line":3}},"branchMap":{},"s":{"0":0,"1":0},"f":{"0":0},"b":{}}
,"D:\\AI-project\\resume-generator\\src\\types\\index.ts": {"path":"D:\\AI-project\\resume-generator\\src\\types\\index.ts","statementMap":{},"fnMap":{},"branchMap":{},"s":{},"f":{},"b":{}}
,"D:\\AI-project\\resume-generator\\src\\utils\\cn.ts": {"path":"D:\\AI-project\\resume-generator\\src\\utils\\cn.ts","statementMap":{"0":{"start":{"line":9,"column":2},"end":{"line":9,"column":31}}},"fnMap":{"0":{"name":"cn","decl":{"start":{"line":8,"column":16},"end":{"line":8,"column":18}},"loc":{"start":{"line":8,"column":44},"end":{"line":10,"column":1}},"line":8}},"branchMap":{},"s":{"0":0},"f":{"0":0},"b":{}}
,"D:\\AI-project\\resume-generator\\src\\utils\\serialization.ts": {"path":"D:\\AI-project\\resume-generator\\src\\utils\\serialization.ts","statementMap":{"0":{"start":{"line":19,"column":4},"end":{"line":19,"column":30}},"1":{"start":{"line":23,"column":4},"end":{"line":23,"column":32}},"2":{"start":{"line":28,"column":4},"end":{"line":33,"column":5}},"3":{"start":{"line":29,"column":6},"end":{"line":29,"column":41}},"4":{"start":{"line":31,"column":6},"end":{"line":31,"column":50}},"5":{"start":{"line":32,"column":6},"end":{"line":32,"column":22}},"6":{"start":{"line":38,"column":4},"end":{"line":38,"column":43}},"7":{"start":{"line":43,"column":34},"end":{"line":43,"column":36}},"8":{"start":{"line":44,"column":4},"end":{"line":48,"column":7}},"9":{"start":{"line":45,"column":6},"end":{"line":47,"column":7}},"10":{"start":{"line":46,"column":8},"end":{"line":46,"column":56}},"11":{"start":{"line":49,"column":4},"end":{"line":49,"column":21}},"12":{"start":{"line":55,"column":23},"end":{"line":65,"column":3}},"13":{"start":{"line":60,"column":36},"end":{"line":64,"column":5}},"14":{"start":{"line":66,"column":2},"end":{"line":66,"column":38}},"15":{"start":{"line":70,"column":17},"end":{"line":70,"column":66}},"16":{"start":{"line":71,"column":2},"end":{"line":87,"column":4}},"17":{"start":{"line":80,"column":46},"end":{"line":84,"column":5}},"18":{"start":{"line":92,"column":2},"end":{"line":98,"column":4}},"19":{"start":{"line":102,"column":2},"end":{"line":117,"column":3}},"20":{"start":{"line":103,"column":4},"end":{"line":116,"column":6}},"21":{"start":{"line":119,"column":2},"end":{"line":127,"column":4}},"22":{"start":{"line":132,"column":2},"end":{"line":136,"column":4}},"23":{"start":{"line":140,"column":2},"end":{"line":146,"column":4}},"24":{"start":{"line":151,"column":2},"end":{"line":155,"column":4}},"25":{"start":{"line":159,"column":2},"end":{"line":163,"column":4}},"26":{"start":{"line":168,"column":2},"end":{"line":172,"column":4}},"27":{"start":{"line":176,"column":2},"end":{"line":182,"column":4}},"28":{"start":{"line":187,"column":2},"end":{"line":191,"column":4}},"29":{"start":{"line":195,"column":2},"end":{"line":199,"column":4}},"30":{"start":{"line":204,"column":23},"end":{"line":208,"column":3}},"31":{"start":{"line":209,"column":2},"end":{"line":209,"column":38}},"32":{"start":{"line":213,"column":17},"end":{"line":213,"column":66}},"33":{"start":{"line":214,"column":2},"end":{"line":220,"column":4}},"34":{"start":{"line":225,"column":2},"end":{"line":232,"column":5}},"35":{"start":{"line":236,"column":2},"end":{"line":243,"column":4}},"36":{"start":{"line":248,"column":2},"end":{"line":258,"column":4}},"37":{"start":{"line":262,"column":2},"end":{"line":278,"column":4}},"38":{"start":{"line":283,"column":2},"end":{"line":283,"column":87}},"39":{"start":{"line":283,"column":44},"end":{"line":283,"column":84}},"40":{"start":{"line":287,"column":17},"end":{"line":287,"column":59}},"41":{"start":{"line":288,"column":2},"end":{"line":288,"column":45}},"42":{"start":{"line":293,"column":21},"end":{"line":297,"column":3}},"43":{"start":{"line":298,"column":2},"end":{"line":298,"column":45}},"44":{"start":{"line":302,"column":17},"end":{"line":302,"column":66}},"45":{"start":{"line":303,"column":2},"end":{"line":307,"column":4}},"46":{"start":{"line":313,"column":2},"end":{"line":313,"column":73}},"47":{"start":{"line":317,"column":2},"end":{"line":317,"column":14}},"48":{"start":{"line":322,"column":2},"end":{"line":324,"column":3}},"49":{"start":{"line":323,"column":4},"end":{"line":323,"column":67}},"50":{"start":{"line":325,"column":2},"end":{"line":325,"column":14}},"51":{"start":{"line":332,"column":2},"end":{"line":332,"column":14}},"52":{"start":{"line":337,"column":2},"end":{"line":337,"column":24}}},"fnMap":{"0":{"name":"(anonymous_0)","decl":{"start":{"line":18,"column":2},"end":{"line":18,"column":3}},"loc":{"start":{"line":18,"column":43},"end":{"line":20,"column":3}},"line":18},"1":{"name":"(anonymous_1)","decl":{"start":{"line":22,"column":2},"end":{"line":22,"column":3}},"loc":{"start":{"line":22,"column":51},"end":{"line":24,"column":3}},"line":22},"2":{"name":"(anonymous_2)","decl":{"start":{"line":27,"column":2},"end":{"line":27,"column":3}},"loc":{"start":{"line":27,"column":62},"end":{"line":34,"column":3}},"line":27},"3":{"name":"(anonymous_3)","decl":{"start":{"line":37,"column":2},"end":{"line":37,"column":3}},"loc":{"start":{"line":37,"column":33},"end":{"line":39,"column":3}},"line":37},"4":{"name":"(anonymous_4)","decl":{"start":{"line":42,"column":2},"end":{"line":42,"column":3}},"loc":{"start":{"line":42,"column":79},"end":{"line":50,"column":3}},"line":42},"5":{"name":"(anonymous_5)","decl":{"start":{"line":44,"column":32},"end":{"line":44,"column":33}},"loc":{"start":{"line":44,"column":50},"end":{"line":48,"column":5}},"line":44},"6":{"name":"serializeUser","decl":{"start":{"line":54,"column":16},"end":{"line":54,"column":29}},"loc":{"start":{"line":54,"column":50},"end":{"line":67,"column":1}},"line":54},"7":{"name":"(anonymous_7)","decl":{"start":{"line":60,"column":30},"end":{"line":60,"column":31}},"loc":{"start":{"line":60,"column":36},"end":{"line":64,"column":5}},"line":60},"8":{"name":"deserializeUser","decl":{"start":{"line":69,"column":16},"end":{"line":69,"column":31}},"loc":{"start":{"line":69,"column":52},"end":{"line":88,"column":1}},"line":69},"9":{"name":"(anonymous_9)","decl":{"start":{"line":80,"column":33},"end":{"line":80,"column":34}},"loc":{"start":{"line":80,"column":46},"end":{"line":84,"column":5}},"line":80},"10":{"name":"serializeUserProfile","decl":{"start":{"line":91,"column":16},"end":{"line":91,"column":36}},"loc":{"start":{"line":91,"column":84},"end":{"line":99,"column":1}},"line":91},"11":{"name":"deserializeUserProfile","decl":{"start":{"line":101,"column":16},"end":{"line":101,"column":38}},"loc":{"start":{"line":101,"column":63},"end":{"line":128,"column":1}},"line":101},"12":{"name":"serializeExperience","decl":{"start":{"line":131,"column":16},"end":{"line":131,"column":35}},"loc":{"start":{"line":131,"column":85},"end":{"line":137,"column":1}},"line":131},"13":{"name":"deserializeExperience","decl":{"start":{"line":139,"column":16},"end":{"line":139,"column":37}},"loc":{"start":{"line":139,"column":61},"end":{"line":147,"column":1}},"line":139},"14":{"name":"serializeEducation","decl":{"start":{"line":150,"column":16},"end":{"line":150,"column":34}},"loc":{"start":{"line":150,"column":82},"end":{"line":156,"column":1}},"line":150},"15":{"name":"deserializeEducation","decl":{"start":{"line":158,"column":16},"end":{"line":158,"column":36}},"loc":{"start":{"line":158,"column":59},"end":{"line":164,"column":1}},"line":158},"16":{"name":"serializeProject","decl":{"start":{"line":167,"column":16},"end":{"line":167,"column":32}},"loc":{"start":{"line":167,"column":76},"end":{"line":173,"column":1}},"line":167},"17":{"name":"deserializeProject","decl":{"start":{"line":175,"column":16},"end":{"line":175,"column":34}},"loc":{"start":{"line":175,"column":55},"end":{"line":183,"column":1}},"line":175},"18":{"name":"serializeCertification","decl":{"start":{"line":186,"column":16},"end":{"line":186,"column":38}},"loc":{"start":{"line":186,"column":94},"end":{"line":192,"column":1}},"line":186},"19":{"name":"deserializeCertification","decl":{"start":{"line":194,"column":16},"end":{"line":194,"column":40}},"loc":{"start":{"line":194,"column":67},"end":{"line":200,"column":1}},"line":194},"20":{"name":"serializeJobDescription","decl":{"start":{"line":203,"column":16},"end":{"line":203,"column":39}},"loc":{"start":{"line":203,"column":69},"end":{"line":210,"column":1}},"line":203},"21":{"name":"deserializeJobDescription","decl":{"start":{"line":212,"column":16},"end":{"line":212,"column":41}},"loc":{"start":{"line":212,"column":72},"end":{"line":221,"column":1}},"line":212},"22":{"name":"serializeAIAnalysisResult","decl":{"start":{"line":224,"column":16},"end":{"line":224,"column":41}},"loc":{"start":{"line":224,"column":93},"end":{"line":233,"column":1}},"line":224},"23":{"name":"deserializeAIAnalysisResult","decl":{"start":{"line":235,"column":16},"end":{"line":235,"column":43}},"loc":{"start":{"line":235,"column":73},"end":{"line":244,"column":1}},"line":235},"24":{"name":"serializeAnalysisResult","decl":{"start":{"line":247,"column":16},"end":{"line":247,"column":39}},"loc":{"start":{"line":247,"column":89},"end":{"line":259,"column":1}},"line":247},"25":{"name":"deserializeAnalysisResult","decl":{"start":{"line":261,"column":16},"end":{"line":261,"column":41}},"loc":{"start":{"line":261,"column":69},"end":{"line":279,"column":1}},"line":261},"26":{"name":"serializeUserSkills","decl":{"start":{"line":282,"column":16},"end":{"line":282,"column":35}},"loc":{"start":{"line":282,"column":65},"end":{"line":284,"column":1}},"line":282},"27":{"name":"(anonymous_27)","decl":{"start":{"line":283,"column":35},"end":{"line":283,"column":36}},"loc":{"start":{"line":283,"column":44},"end":{"line":283,"column":84}},"line":283},"28":{"name":"deserializeUserSkills","decl":{"start":{"line":286,"column":16},"end":{"line":286,"column":37}},"loc":{"start":{"line":286,"column":65},"end":{"line":289,"column":1}},"line":286},"29":{"name":"exportUserData","decl":{"start":{"line":292,"column":16},"end":{"line":292,"column":30}},"loc":{"start":{"line":292,"column":51},"end":{"line":299,"column":1}},"line":292},"30":{"name":"importUserData","decl":{"start":{"line":301,"column":16},"end":{"line":301,"column":30}},"loc":{"start":{"line":301,"column":96},"end":{"line":308,"column":1}},"line":301},"31":{"name":"migrateUserData","decl":{"start":{"line":311,"column":16},"end":{"line":311,"column":31}},"loc":{"start":{"line":311,"column":88},"end":{"line":318,"column":1}},"line":311},"32":{"name":"validateBeforeSerialization","decl":{"start":{"line":321,"column":16},"end":{"line":321,"column":43}},"loc":{"start":{"line":321,"column":92},"end":{"line":326,"column":1}},"line":321},"33":{"name":"compressData","decl":{"start":{"line":329,"column":16},"end":{"line":329,"column":28}},"loc":{"start":{"line":329,"column":51},"end":{"line":333,"column":1}},"line":329},"34":{"name":"decompressData","decl":{"start":{"line":335,"column":16},"end":{"line":335,"column":30}},"loc":{"start":{"line":335,"column":63},"end":{"line":338,"column":1}},"line":335}},"branchMap":{"0":{"loc":{"start":{"line":45,"column":6},"end":{"line":47,"column":7}},"type":"if","locations":[{"start":{"line":45,"column":6},"end":{"line":47,"column":7}},{"start":{},"end":{}}],"line":45},"1":{"loc":{"start":{"line":45,"column":10},"end":{"line":45,"column":47}},"type":"binary-expr","locations":[{"start":{"line":45,"column":10},"end":{"line":45,"column":29}},{"start":{"line":45,"column":33},"end":{"line":45,"column":47}}],"line":45},"2":{"loc":{"start":{"line":72,"column":8},"end":{"line":72,"column":23}},"type":"binary-expr","locations":[{"start":{"line":72,"column":8},"end":{"line":72,"column":17}},{"start":{"line":72,"column":21},"end":{"line":72,"column":23}}],"line":72},"3":{"loc":{"start":{"line":74,"column":17},"end":{"line":79,"column":5}},"type":"binary-expr","locations":[{"start":{"line":74,"column":17},"end":{"line":74,"column":35}},{"start":{"line":74,"column":39},"end":{"line":79,"column":5}}],"line":74},"4":{"loc":{"start":{"line":80,"column":13},"end":{"line":84,"column":13}},"type":"binary-expr","locations":[{"start":{"line":80,"column":13},"end":{"line":84,"column":7}},{"start":{"line":84,"column":11},"end":{"line":84,"column":13}}],"line":80},"5":{"loc":{"start":{"line":85,"column":15},"end":{"line":85,"column":99}},"type":"cond-expr","locations":[{"start":{"line":85,"column":34},"end":{"line":85,"column":86}},{"start":{"line":85,"column":89},"end":{"line":85,"column":99}}],"line":85},"6":{"loc":{"start":{"line":86,"column":15},"end":{"line":86,"column":99}},"type":"cond-expr","locations":[{"start":{"line":86,"column":34},"end":{"line":86,"column":86}},{"start":{"line":86,"column":89},"end":{"line":86,"column":99}}],"line":86},"7":{"loc":{"start":{"line":96,"column":14},"end":{"line":96,"column":59}},"type":"binary-expr","locations":[{"start":{"line":96,"column":14},"end":{"line":96,"column":53}},{"start":{"line":96,"column":57},"end":{"line":96,"column":59}}],"line":96},"8":{"loc":{"start":{"line":97,"column":20},"end":{"line":97,"column":77}},"type":"binary-expr","locations":[{"start":{"line":97,"column":20},"end":{"line":97,"column":71}},{"start":{"line":97,"column":75},"end":{"line":97,"column":77}}],"line":97},"9":{"loc":{"start":{"line":102,"column":2},"end":{"line":117,"column":3}},"type":"if","locations":[{"start":{"line":102,"column":2},"end":{"line":117,"column":3}},{"start":{},"end":{}}],"line":102},"10":{"loc":{"start":{"line":121,"column":16},"end":{"line":121,"column":65}},"type":"binary-expr","locations":[{"start":{"line":121,"column":16},"end":{"line":121,"column":59}},{"start":{"line":121,"column":63},"end":{"line":121,"column":65}}],"line":121},"11":{"loc":{"start":{"line":122,"column":15},"end":{"line":122,"column":62}},"type":"binary-expr","locations":[{"start":{"line":122,"column":15},"end":{"line":122,"column":56}},{"start":{"line":122,"column":60},"end":{"line":122,"column":62}}],"line":122},"12":{"loc":{"start":{"line":123,"column":14},"end":{"line":123,"column":58}},"type":"binary-expr","locations":[{"start":{"line":123,"column":14},"end":{"line":123,"column":52}},{"start":{"line":123,"column":56},"end":{"line":123,"column":58}}],"line":123},"13":{"loc":{"start":{"line":124,"column":20},"end":{"line":124,"column":76}},"type":"binary-expr","locations":[{"start":{"line":124,"column":20},"end":{"line":124,"column":70}},{"start":{"line":124,"column":74},"end":{"line":124,"column":76}}],"line":124},"14":{"loc":{"start":{"line":125,"column":15},"end":{"line":125,"column":35}},"type":"binary-expr","locations":[{"start":{"line":125,"column":15},"end":{"line":125,"column":29}},{"start":{"line":125,"column":33},"end":{"line":125,"column":35}}],"line":125},"15":{"loc":{"start":{"line":126,"column":15},"end":{"line":126,"column":35}},"type":"binary-expr","locations":[{"start":{"line":126,"column":15},"end":{"line":126,"column":29}},{"start":{"line":126,"column":33},"end":{"line":126,"column":35}}],"line":126},"16":{"loc":{"start":{"line":135,"column":13},"end":{"line":135,"column":98}},"type":"cond-expr","locations":[{"start":{"line":135,"column":34},"end":{"line":135,"column":86}},{"start":{"line":135,"column":89},"end":{"line":135,"column":98}}],"line":135},"17":{"loc":{"start":{"line":143,"column":13},"end":{"line":143,"column":88}},"type":"cond-expr","locations":[{"start":{"line":143,"column":28},"end":{"line":143,"column":76}},{"start":{"line":143,"column":79},"end":{"line":143,"column":88}}],"line":143},"18":{"loc":{"start":{"line":144,"column":18},"end":{"line":144,"column":41}},"type":"binary-expr","locations":[{"start":{"line":144,"column":18},"end":{"line":144,"column":35}},{"start":{"line":144,"column":39},"end":{"line":144,"column":41}}],"line":144},"19":{"loc":{"start":{"line":145,"column":18},"end":{"line":145,"column":41}},"type":"binary-expr","locations":[{"start":{"line":145,"column":18},"end":{"line":145,"column":35}},{"start":{"line":145,"column":39},"end":{"line":145,"column":41}}],"line":145},"20":{"loc":{"start":{"line":154,"column":13},"end":{"line":154,"column":96}},"type":"cond-expr","locations":[{"start":{"line":154,"column":33},"end":{"line":154,"column":84}},{"start":{"line":154,"column":87},"end":{"line":154,"column":96}}],"line":154},"21":{"loc":{"start":{"line":162,"column":13},"end":{"line":162,"column":88}},"type":"cond-expr","locations":[{"start":{"line":162,"column":28},"end":{"line":162,"column":76}},{"start":{"line":162,"column":79},"end":{"line":162,"column":88}}],"line":162},"22":{"loc":{"start":{"line":171,"column":13},"end":{"line":171,"column":92}},"type":"cond-expr","locations":[{"start":{"line":171,"column":31},"end":{"line":171,"column":80}},{"start":{"line":171,"column":83},"end":{"line":171,"column":92}}],"line":171},"23":{"loc":{"start":{"line":179,"column":13},"end":{"line":179,"column":88}},"type":"cond-expr","locations":[{"start":{"line":179,"column":28},"end":{"line":179,"column":76}},{"start":{"line":179,"column":79},"end":{"line":179,"column":88}}],"line":179},"24":{"loc":{"start":{"line":180,"column":18},"end":{"line":180,"column":41}},"type":"binary-expr","locations":[{"start":{"line":180,"column":18},"end":{"line":180,"column":35}},{"start":{"line":180,"column":39},"end":{"line":180,"column":41}}],"line":180},"25":{"loc":{"start":{"line":181,"column":16},"end":{"line":181,"column":37}},"type":"binary-expr","locations":[{"start":{"line":181,"column":16},"end":{"line":181,"column":31}},{"start":{"line":181,"column":35},"end":{"line":181,"column":37}}],"line":181},"26":{"loc":{"start":{"line":190,"column":16},"end":{"line":190,"column":113}},"type":"cond-expr","locations":[{"start":{"line":190,"column":43},"end":{"line":190,"column":101}},{"start":{"line":190,"column":104},"end":{"line":190,"column":113}}],"line":190},"27":{"loc":{"start":{"line":198,"column":16},"end":{"line":198,"column":97}},"type":"cond-expr","locations":[{"start":{"line":198,"column":34},"end":{"line":198,"column":85}},{"start":{"line":198,"column":88},"end":{"line":198,"column":97}}],"line":198},"28":{"loc":{"start":{"line":218,"column":18},"end":{"line":218,"column":43}},"type":"binary-expr","locations":[{"start":{"line":218,"column":18},"end":{"line":218,"column":37}},{"start":{"line":218,"column":41},"end":{"line":218,"column":43}}],"line":218},"29":{"loc":{"start":{"line":219,"column":12},"end":{"line":219,"column":31}},"type":"binary-expr","locations":[{"start":{"line":219,"column":12},"end":{"line":219,"column":25}},{"start":{"line":219,"column":29},"end":{"line":219,"column":31}}],"line":219},"30":{"loc":{"start":{"line":237,"column":14},"end":{"line":237,"column":33}},"type":"binary-expr","locations":[{"start":{"line":237,"column":14},"end":{"line":237,"column":27}},{"start":{"line":237,"column":31},"end":{"line":237,"column":33}}],"line":237},"31":{"loc":{"start":{"line":238,"column":12},"end":{"line":238,"column":29}},"type":"binary-expr","locations":[{"start":{"line":238,"column":12},"end":{"line":238,"column":23}},{"start":{"line":238,"column":27},"end":{"line":238,"column":29}}],"line":238},"32":{"loc":{"start":{"line":239,"column":16},"end":{"line":239,"column":36}},"type":"binary-expr","locations":[{"start":{"line":239,"column":16},"end":{"line":239,"column":31}},{"start":{"line":239,"column":35},"end":{"line":239,"column":36}}],"line":239},"33":{"loc":{"start":{"line":240,"column":17},"end":{"line":240,"column":39}},"type":"binary-expr","locations":[{"start":{"line":240,"column":17},"end":{"line":240,"column":33}},{"start":{"line":240,"column":37},"end":{"line":240,"column":39}}],"line":240},"34":{"loc":{"start":{"line":241,"column":20},"end":{"line":241,"column":44}},"type":"binary-expr","locations":[{"start":{"line":241,"column":20},"end":{"line":241,"column":39}},{"start":{"line":241,"column":43},"end":{"line":241,"column":44}}],"line":241},"35":{"loc":{"start":{"line":242,"column":16},"end":{"line":242,"column":36}},"type":"binary-expr","locations":[{"start":{"line":242,"column":16},"end":{"line":242,"column":31}},{"start":{"line":242,"column":35},"end":{"line":242,"column":36}}],"line":242},"36":{"loc":{"start":{"line":253,"column":21},"end":{"line":256,"column":17}},"type":"cond-expr","locations":[{"start":{"line":253,"column":46},"end":{"line":256,"column":5}},{"start":{"line":256,"column":8},"end":{"line":256,"column":17}}],"line":253},"37":{"loc":{"start":{"line":265,"column":20},"end":{"line":265,"column":45}},"type":"binary-expr","locations":[{"start":{"line":265,"column":20},"end":{"line":265,"column":39}},{"start":{"line":265,"column":43},"end":{"line":265,"column":45}}],"line":265},"38":{"loc":{"start":{"line":266,"column":21},"end":{"line":266,"column":47}},"type":"binary-expr","locations":[{"start":{"line":266,"column":21},"end":{"line":266,"column":41}},{"start":{"line":266,"column":45},"end":{"line":266,"column":47}}],"line":266},"39":{"loc":{"start":{"line":267,"column":21},"end":{"line":270,"column":17}},"type":"cond-expr","locations":[{"start":{"line":267,"column":44},"end":{"line":270,"column":5}},{"start":{"line":270,"column":8},"end":{"line":270,"column":17}}],"line":267},"40":{"loc":{"start":{"line":271,"column":24},"end":{"line":277,"column":5}},"type":"binary-expr","locations":[{"start":{"line":271,"column":24},"end":{"line":271,"column":47}},{"start":{"line":271,"column":51},"end":{"line":277,"column":5}}],"line":271},"41":{"loc":{"start":{"line":288,"column":9},"end":{"line":288,"column":44}},"type":"cond-expr","locations":[{"start":{"line":288,"column":33},"end":{"line":288,"column":39}},{"start":{"line":288,"column":42},"end":{"line":288,"column":44}}],"line":288},"42":{"loc":{"start":{"line":305,"column":13},"end":{"line":305,"column":38}},"type":"binary-expr","locations":[{"start":{"line":305,"column":13},"end":{"line":305,"column":27}},{"start":{"line":305,"column":31},"end":{"line":305,"column":38}}],"line":305},"43":{"loc":{"start":{"line":322,"column":2},"end":{"line":324,"column":3}},"type":"if","locations":[{"start":{"line":322,"column":2},"end":{"line":324,"column":3}},{"start":{},"end":{}}],"line":322}},"s":{"0":20,"1":21,"2":8,"3":8,"4":2,"5":2,"6":1,"7":3,"8":3,"9":18,"10":16,"11":3,"12":2,"13":0,"14":2,"15":3,"16":3,"17":0,"18":3,"19":4,"20":1,"21":3,"22":4,"23":4,"24":3,"25":3,"26":0,"27":0,"28":0,"29":0,"30":1,"31":1,"32":1,"33":1,"34":2,"35":2,"36":0,"37":0,"38":0,"39":0,"40":0,"41":0,"42":1,"43":1,"44":2,"45":2,"46":0,"47":0,"48":0,"49":0,"50":0,"51":0,"52":0},"f":{"0":20,"1":21,"2":8,"3":1,"4":3,"5":18,"6":2,"7":0,"8":3,"9":0,"10":3,"11":4,"12":4,"13":4,"14":3,"15":3,"16":0,"17":0,"18":0,"19":0,"20":1,"21":1,"22":2,"23":2,"24":0,"25":0,"26":0,"27":0,"28":0,"29":1,"30":2,"31":0,"32":0,"33":0,"34":0},"b":{"0":[16,2],"1":[18,17],"2":[3,1],"3":[3,1],"4":[3,1],"5":[2,1],"6":[2,1],"7":[3,0],"8":[3,0],"9":[1,3],"10":[3,0],"11":[3,0],"12":[3,0],"13":[3,0],"14":[3,0],"15":[3,0],"16":[3,1],"17":[3,1],"18":[4,0],"19":[4,0],"20":[3,0],"21":[3,0],"22":[0,0],"23":[0,0],"24":[0,0],"25":[0,0],"26":[0,0],"27":[0,0],"28":[1,0],"29":[1,0],"30":[2,0],"31":[2,0],"32":[2,0],"33":[2,0],"34":[2,0],"35":[2,0],"36":[0,0],"37":[0,0],"38":[0,0],"39":[0,0],"40":[0,0],"41":[0,0],"42":[2,1],"43":[0,0]},"_coverageSchema":"1a1c01bbd47fc00a2c39e90264f33305004495a9","hash":"010f5f4b6c1186125536030ef5456cf93cca09cd"}
,"D:\\AI-project\\resume-generator\\src\\utils\\validation.ts": {"path":"D:\\AI-project\\resume-generator\\src\\utils\\validation.ts","statementMap":{"0":{"start":{"line":18,"column":23},"end":{"line":18,"column":51}},"1":{"start":{"line":19,"column":4},"end":{"line":19,"column":34}},"2":{"start":{"line":24,"column":23},"end":{"line":24,"column":47}},"3":{"start":{"line":25,"column":4},"end":{"line":25,"column":61}},"4":{"start":{"line":30,"column":4},"end":{"line":35,"column":5}},"5":{"start":{"line":31,"column":6},"end":{"line":31,"column":19}},"6":{"start":{"line":32,"column":6},"end":{"line":32,"column":18}},"7":{"start":{"line":34,"column":6},"end":{"line":34,"column":19}},"8":{"start":{"line":40,"column":4},"end":{"line":40,"column":58}},"9":{"start":{"line":45,"column":4},"end":{"line":45,"column":63}},"10":{"start":{"line":50,"column":45},"end":{"line":60,"column":5}},"11":{"start":{"line":61,"column":4},"end":{"line":61,"column":63}},"12":{"start":{"line":67,"column":36},"end":{"line":67,"column":38}},"13":{"start":{"line":70,"column":2},"end":{"line":76,"column":3}},"14":{"start":{"line":71,"column":4},"end":{"line":75,"column":7}},"15":{"start":{"line":78,"column":2},"end":{"line":84,"column":3}},"16":{"start":{"line":79,"column":4},"end":{"line":83,"column":7}},"17":{"start":{"line":86,"column":2},"end":{"line":92,"column":3}},"18":{"start":{"line":87,"column":4},"end":{"line":91,"column":7}},"19":{"start":{"line":94,"column":2},"end":{"line":100,"column":3}},"20":{"start":{"line":95,"column":4},"end":{"line":99,"column":7}},"21":{"start":{"line":103,"column":2},"end":{"line":113,"column":3}},"22":{"start":{"line":104,"column":4},"end":{"line":112,"column":7}},"23":{"start":{"line":105,"column":26},"end":{"line":105,"column":50}},"24":{"start":{"line":106,"column":6},"end":{"line":111,"column":9}},"25":{"start":{"line":107,"column":8},"end":{"line":110,"column":11}},"26":{"start":{"line":116,"column":2},"end":{"line":126,"column":3}},"27":{"start":{"line":117,"column":4},"end":{"line":125,"column":7}},"28":{"start":{"line":118,"column":24},"end":{"line":118,"column":47}},"29":{"start":{"line":119,"column":6},"end":{"line":124,"column":9}},"30":{"start":{"line":120,"column":8},"end":{"line":123,"column":11}},"31":{"start":{"line":129,"column":2},"end":{"line":139,"column":3}},"32":{"start":{"line":130,"column":4},"end":{"line":138,"column":7}},"33":{"start":{"line":131,"column":24},"end":{"line":131,"column":46}},"34":{"start":{"line":132,"column":6},"end":{"line":137,"column":9}},"35":{"start":{"line":133,"column":8},"end":{"line":136,"column":11}},"36":{"start":{"line":141,"column":2},"end":{"line":141,"column":16}},"37":{"start":{"line":146,"column":36},"end":{"line":146,"column":38}},"38":{"start":{"line":148,"column":2},"end":{"line":154,"column":3}},"39":{"start":{"line":149,"column":4},"end":{"line":153,"column":7}},"40":{"start":{"line":156,"column":2},"end":{"line":162,"column":3}},"41":{"start":{"line":157,"column":4},"end":{"line":161,"column":7}},"42":{"start":{"line":164,"column":2},"end":{"line":170,"column":3}},"43":{"start":{"line":165,"column":4},"end":{"line":169,"column":7}},"44":{"start":{"line":172,"column":2},"end":{"line":178,"column":3}},"45":{"start":{"line":173,"column":4},"end":{"line":177,"column":7}},"46":{"start":{"line":180,"column":2},"end":{"line":180,"column":16}},"47":{"start":{"line":185,"column":36},"end":{"line":185,"column":38}},"48":{"start":{"line":187,"column":2},"end":{"line":193,"column":3}},"49":{"start":{"line":188,"column":4},"end":{"line":192,"column":7}},"50":{"start":{"line":195,"column":2},"end":{"line":201,"column":3}},"51":{"start":{"line":196,"column":4},"end":{"line":200,"column":7}},"52":{"start":{"line":203,"column":2},"end":{"line":209,"column":3}},"53":{"start":{"line":204,"column":4},"end":{"line":208,"column":7}},"54":{"start":{"line":211,"column":2},"end":{"line":223,"column":3}},"55":{"start":{"line":218,"column":4},"end":{"line":222,"column":7}},"56":{"start":{"line":225,"column":2},"end":{"line":231,"column":3}},"57":{"start":{"line":226,"column":4},"end":{"line":230,"column":7}},"58":{"start":{"line":233,"column":2},"end":{"line":233,"column":16}},"59":{"start":{"line":238,"column":36},"end":{"line":238,"column":38}},"60":{"start":{"line":240,"column":2},"end":{"line":246,"column":3}},"61":{"start":{"line":241,"column":4},"end":{"line":245,"column":7}},"62":{"start":{"line":248,"column":2},"end":{"line":254,"column":3}},"63":{"start":{"line":249,"column":4},"end":{"line":253,"column":7}},"64":{"start":{"line":256,"column":2},"end":{"line":262,"column":3}},"65":{"start":{"line":257,"column":4},"end":{"line":261,"column":7}},"66":{"start":{"line":264,"column":2},"end":{"line":270,"column":3}},"67":{"start":{"line":265,"column":4},"end":{"line":269,"column":7}},"68":{"start":{"line":272,"column":2},"end":{"line":284,"column":3}},"69":{"start":{"line":279,"column":4},"end":{"line":283,"column":7}},"70":{"start":{"line":286,"column":2},"end":{"line":292,"column":3}},"71":{"start":{"line":287,"column":4},"end":{"line":291,"column":7}},"72":{"start":{"line":294,"column":2},"end":{"line":294,"column":16}},"73":{"start":{"line":299,"column":36},"end":{"line":299,"column":38}},"74":{"start":{"line":301,"column":2},"end":{"line":307,"column":3}},"75":{"start":{"line":302,"column":4},"end":{"line":306,"column":7}},"76":{"start":{"line":309,"column":2},"end":{"line":315,"column":3}},"77":{"start":{"line":310,"column":4},"end":{"line":314,"column":7}},"78":{"start":{"line":317,"column":2},"end":{"line":323,"column":3}},"79":{"start":{"line":318,"column":4},"end":{"line":322,"column":7}},"80":{"start":{"line":325,"column":2},"end":{"line":331,"column":3}},"81":{"start":{"line":326,"column":4},"end":{"line":330,"column":7}},"82":{"start":{"line":333,"column":2},"end":{"line":333,"column":16}},"83":{"start":{"line":338,"column":36},"end":{"line":338,"column":38}},"84":{"start":{"line":340,"column":2},"end":{"line":346,"column":3}},"85":{"start":{"line":341,"column":4},"end":{"line":345,"column":7}},"86":{"start":{"line":348,"column":2},"end":{"line":354,"column":3}},"87":{"start":{"line":349,"column":4},"end":{"line":353,"column":7}},"88":{"start":{"line":356,"column":2},"end":{"line":362,"column":3}},"89":{"start":{"line":357,"column":4},"end":{"line":361,"column":7}},"90":{"start":{"line":364,"column":2},"end":{"line":364,"column":16}},"91":{"start":{"line":369,"column":36},"end":{"line":369,"column":38}},"92":{"start":{"line":371,"column":2},"end":{"line":377,"column":3}},"93":{"start":{"line":372,"column":4},"end":{"line":376,"column":7}},"94":{"start":{"line":379,"column":2},"end":{"line":385,"column":3}},"95":{"start":{"line":380,"column":4},"end":{"line":384,"column":7}},"96":{"start":{"line":387,"column":2},"end":{"line":393,"column":3}},"97":{"start":{"line":388,"column":4},"end":{"line":392,"column":7}},"98":{"start":{"line":395,"column":2},"end":{"line":401,"column":3}},"99":{"start":{"line":396,"column":4},"end":{"line":400,"column":7}},"100":{"start":{"line":403,"column":2},"end":{"line":409,"column":3}},"101":{"start":{"line":404,"column":4},"end":{"line":408,"column":7}},"102":{"start":{"line":411,"column":2},"end":{"line":411,"column":16}},"103":{"start":{"line":416,"column":36},"end":{"line":416,"column":38}},"104":{"start":{"line":418,"column":2},"end":{"line":424,"column":3}},"105":{"start":{"line":419,"column":4},"end":{"line":423,"column":7}},"106":{"start":{"line":426,"column":2},"end":{"line":434,"column":3}},"107":{"start":{"line":427,"column":26},"end":{"line":427,"column":59}},"108":{"start":{"line":428,"column":4},"end":{"line":433,"column":7}},"109":{"start":{"line":429,"column":6},"end":{"line":432,"column":9}},"110":{"start":{"line":436,"column":2},"end":{"line":442,"column":3}},"111":{"start":{"line":437,"column":4},"end":{"line":441,"column":7}},"112":{"start":{"line":444,"column":2},"end":{"line":450,"column":3}},"113":{"start":{"line":445,"column":4},"end":{"line":449,"column":7}},"114":{"start":{"line":452,"column":2},"end":{"line":452,"column":16}}},"fnMap":{"0":{"name":"(anonymous_0)","decl":{"start":{"line":17,"column":2},"end":{"line":17,"column":3}},"loc":{"start":{"line":17,"column":46},"end":{"line":20,"column":3}},"line":17},"1":{"name":"(anonymous_1)","decl":{"start":{"line":23,"column":2},"end":{"line":23,"column":3}},"loc":{"start":{"line":23,"column":46},"end":{"line":26,"column":3}},"line":23},"2":{"name":"(anonymous_2)","decl":{"start":{"line":29,"column":2},"end":{"line":29,"column":3}},"loc":{"start":{"line":29,"column":42},"end":{"line":36,"column":3}},"line":29},"3":{"name":"(anonymous_3)","decl":{"start":{"line":39,"column":2},"end":{"line":39,"column":3}},"loc":{"start":{"line":39,"column":42},"end":{"line":41,"column":3}},"line":39},"4":{"name":"(anonymous_4)","decl":{"start":{"line":44,"column":2},"end":{"line":44,"column":3}},"loc":{"start":{"line":44,"column":70},"end":{"line":46,"column":3}},"line":44},"5":{"name":"(anonymous_5)","decl":{"start":{"line":49,"column":2},"end":{"line":49,"column":3}},"loc":{"start":{"line":49,"column":75},"end":{"line":62,"column":3}},"line":49},"6":{"name":"validateUserProfile","decl":{"start":{"line":66,"column":16},"end":{"line":66,"column":35}},"loc":{"start":{"line":66,"column":86},"end":{"line":142,"column":1}},"line":66},"7":{"name":"(anonymous_7)","decl":{"start":{"line":104,"column":27},"end":{"line":104,"column":28}},"loc":{"start":{"line":104,"column":45},"end":{"line":112,"column":5}},"line":104},"8":{"name":"(anonymous_8)","decl":{"start":{"line":106,"column":26},"end":{"line":106,"column":27}},"loc":{"start":{"line":106,"column":35},"end":{"line":111,"column":7}},"line":106},"9":{"name":"(anonymous_9)","decl":{"start":{"line":117,"column":31},"end":{"line":117,"column":32}},"loc":{"start":{"line":117,"column":47},"end":{"line":125,"column":5}},"line":117},"10":{"name":"(anonymous_10)","decl":{"start":{"line":119,"column":24},"end":{"line":119,"column":25}},"loc":{"start":{"line":119,"column":33},"end":{"line":124,"column":7}},"line":119},"11":{"name":"(anonymous_11)","decl":{"start":{"line":130,"column":30},"end":{"line":130,"column":31}},"loc":{"start":{"line":130,"column":46},"end":{"line":138,"column":5}},"line":130},"12":{"name":"(anonymous_12)","decl":{"start":{"line":132,"column":24},"end":{"line":132,"column":25}},"loc":{"start":{"line":132,"column":33},"end":{"line":137,"column":7}},"line":132},"13":{"name":"validateUserSkill","decl":{"start":{"line":145,"column":16},"end":{"line":145,"column":33}},"loc":{"start":{"line":145,"column":80},"end":{"line":181,"column":1}},"line":145},"14":{"name":"validateExperience","decl":{"start":{"line":184,"column":16},"end":{"line":184,"column":34}},"loc":{"start":{"line":184,"column":87},"end":{"line":234,"column":1}},"line":184},"15":{"name":"validateEducation","decl":{"start":{"line":237,"column":16},"end":{"line":237,"column":33}},"loc":{"start":{"line":237,"column":84},"end":{"line":295,"column":1}},"line":237},"16":{"name":"validateJobDescription","decl":{"start":{"line":298,"column":16},"end":{"line":298,"column":38}},"loc":{"start":{"line":298,"column":88},"end":{"line":334,"column":1}},"line":298},"17":{"name":"validateJobRequirement","decl":{"start":{"line":337,"column":16},"end":{"line":337,"column":38}},"loc":{"start":{"line":337,"column":96},"end":{"line":365,"column":1}},"line":337},"18":{"name":"validateAIAnalysisResult","decl":{"start":{"line":368,"column":16},"end":{"line":368,"column":40}},"loc":{"start":{"line":368,"column":95},"end":{"line":412,"column":1}},"line":368},"19":{"name":"validateUser","decl":{"start":{"line":415,"column":16},"end":{"line":415,"column":28}},"loc":{"start":{"line":415,"column":69},"end":{"line":453,"column":1}},"line":415},"20":{"name":"(anonymous_20)","decl":{"start":{"line":428,"column":26},"end":{"line":428,"column":27}},"loc":{"start":{"line":428,"column":35},"end":{"line":433,"column":5}},"line":428}},"branchMap":{"0":{"loc":{"start":{"line":40,"column":11},"end":{"line":40,"column":57}},"type":"binary-expr","locations":[{"start":{"line":40,"column":11},"end":{"line":40,"column":31}},{"start":{"line":40,"column":35},"end":{"line":40,"column":57}}],"line":40},"1":{"loc":{"start":{"line":45,"column":11},"end":{"line":45,"column":62}},"type":"binary-expr","locations":[{"start":{"line":45,"column":11},"end":{"line":45,"column":34}},{"start":{"line":45,"column":38},"end":{"line":45,"column":48}},{"start":{"line":45,"column":52},"end":{"line":45,"column":62}}],"line":45},"2":{"loc":{"start":{"line":70,"column":2},"end":{"line":76,"column":3}},"type":"if","locations":[{"start":{"line":70,"column":2},"end":{"line":76,"column":3}},{"start":{},"end":{}}],"line":70},"3":{"loc":{"start":{"line":70,"column":6},"end":{"line":70,"column":55}},"type":"binary-expr","locations":[{"start":{"line":70,"column":6},"end":{"line":70,"column":19}},{"start":{"line":70,"column":23},"end":{"line":70,"column":55}}],"line":70},"4":{"loc":{"start":{"line":78,"column":2},"end":{"line":84,"column":3}},"type":"if","locations":[{"start":{"line":78,"column":2},"end":{"line":84,"column":3}},{"start":{},"end":{}}],"line":78},"5":{"loc":{"start":{"line":78,"column":6},"end":{"line":78,"column":68}},"type":"binary-expr","locations":[{"start":{"line":78,"column":6},"end":{"line":78,"column":20}},{"start":{"line":78,"column":24},"end":{"line":78,"column":68}}],"line":78},"6":{"loc":{"start":{"line":86,"column":2},"end":{"line":92,"column":3}},"type":"if","locations":[{"start":{"line":86,"column":2},"end":{"line":92,"column":3}},{"start":{},"end":{}}],"line":86},"7":{"loc":{"start":{"line":86,"column":6},"end":{"line":86,"column":68}},"type":"binary-expr","locations":[{"start":{"line":86,"column":6},"end":{"line":86,"column":20}},{"start":{"line":86,"column":24},"end":{"line":86,"column":68}}],"line":86},"8":{"loc":{"start":{"line":94,"column":2},"end":{"line":100,"column":3}},"type":"if","locations":[{"start":{"line":94,"column":2},"end":{"line":100,"column":3}},{"start":{},"end":{}}],"line":94},"9":{"loc":{"start":{"line":94,"column":6},"end":{"line":94,"column":63}},"type":"binary-expr","locations":[{"start":{"line":94,"column":6},"end":{"line":94,"column":23}},{"start":{"line":94,"column":27},"end":{"line":94,"column":63}}],"line":94},"10":{"loc":{"start":{"line":103,"column":2},"end":{"line":113,"column":3}},"type":"if","locations":[{"start":{"line":103,"column":2},"end":{"line":113,"column":3}},{"start":{},"end":{}}],"line":103},"11":{"loc":{"start":{"line":116,"column":2},"end":{"line":126,"column":3}},"type":"if","locations":[{"start":{"line":116,"column":2},"end":{"line":126,"column":3}},{"start":{},"end":{}}],"line":116},"12":{"loc":{"start":{"line":129,"column":2},"end":{"line":139,"column":3}},"type":"if","locations":[{"start":{"line":129,"column":2},"end":{"line":139,"column":3}},{"start":{},"end":{}}],"line":129},"13":{"loc":{"start":{"line":148,"column":2},"end":{"line":154,"column":3}},"type":"if","locations":[{"start":{"line":148,"column":2},"end":{"line":154,"column":3}},{"start":{},"end":{}}],"line":148},"14":{"loc":{"start":{"line":148,"column":6},"end":{"line":148,"column":51}},"type":"binary-expr","locations":[{"start":{"line":148,"column":6},"end":{"line":148,"column":17}},{"start":{"line":148,"column":21},"end":{"line":148,"column":51}}],"line":148},"15":{"loc":{"start":{"line":156,"column":2},"end":{"line":162,"column":3}},"type":"if","locations":[{"start":{"line":156,"column":2},"end":{"line":162,"column":3}},{"start":{},"end":{}}],"line":156},"16":{"loc":{"start":{"line":156,"column":6},"end":{"line":156,"column":82}},"type":"binary-expr","locations":[{"start":{"line":156,"column":6},"end":{"line":156,"column":31}},{"start":{"line":156,"column":35},"end":{"line":156,"column":82}}],"line":156},"17":{"loc":{"start":{"line":164,"column":2},"end":{"line":170,"column":3}},"type":"if","locations":[{"start":{"line":164,"column":2},"end":{"line":170,"column":3}},{"start":{},"end":{}}],"line":164},"18":{"loc":{"start":{"line":164,"column":6},"end":{"line":164,"column":78}},"type":"binary-expr","locations":[{"start":{"line":164,"column":6},"end":{"line":164,"column":21}},{"start":{"line":164,"column":25},"end":{"line":164,"column":78}}],"line":164},"19":{"loc":{"start":{"line":172,"column":2},"end":{"line":178,"column":3}},"type":"if","locations":[{"start":{"line":172,"column":2},"end":{"line":178,"column":3}},{"start":{},"end":{}}],"line":172},"20":{"loc":{"start":{"line":172,"column":6},"end":{"line":172,"column":74}},"type":"binary-expr","locations":[{"start":{"line":172,"column":6},"end":{"line":172,"column":43}},{"start":{"line":172,"column":47},"end":{"line":172,"column":74}}],"line":172},"21":{"loc":{"start":{"line":187,"column":2},"end":{"line":193,"column":3}},"type":"if","locations":[{"start":{"line":187,"column":2},"end":{"line":193,"column":3}},{"start":{},"end":{}}],"line":187},"22":{"loc":{"start":{"line":187,"column":6},"end":{"line":187,"column":67}},"type":"binary-expr","locations":[{"start":{"line":187,"column":6},"end":{"line":187,"column":25}},{"start":{"line":187,"column":29},"end":{"line":187,"column":67}}],"line":187},"23":{"loc":{"start":{"line":195,"column":2},"end":{"line":201,"column":3}},"type":"if","locations":[{"start":{"line":195,"column":2},"end":{"line":201,"column":3}},{"start":{},"end":{}}],"line":195},"24":{"loc":{"start":{"line":195,"column":6},"end":{"line":195,"column":69}},"type":"binary-expr","locations":[{"start":{"line":195,"column":6},"end":{"line":195,"column":26}},{"start":{"line":195,"column":30},"end":{"line":195,"column":69}}],"line":195},"25":{"loc":{"start":{"line":203,"column":2},"end":{"line":209,"column":3}},"type":"if","locations":[{"start":{"line":203,"column":2},"end":{"line":209,"column":3}},{"start":{},"end":{}}],"line":203},"26":{"loc":{"start":{"line":203,"column":6},"end":{"line":203,"column":81}},"type":"binary-expr","locations":[{"start":{"line":203,"column":6},"end":{"line":203,"column":27}},{"start":{"line":203,"column":31},"end":{"line":203,"column":81}}],"line":203},"27":{"loc":{"start":{"line":211,"column":2},"end":{"line":223,"column":3}},"type":"if","locations":[{"start":{"line":211,"column":2},"end":{"line":223,"column":3}},{"start":{},"end":{}}],"line":211},"28":{"loc":{"start":{"line":212,"column":4},"end":{"line":216,"column":45}},"type":"binary-expr","locations":[{"start":{"line":212,"column":4},"end":{"line":212,"column":22}},{"start":{"line":213,"column":4},"end":{"line":213,"column":24}},{"start":{"line":214,"column":4},"end":{"line":214,"column":51}},{"start":{"line":215,"column":4},"end":{"line":215,"column":53}},{"start":{"line":216,"column":4},"end":{"line":216,"column":45}}],"line":212},"29":{"loc":{"start":{"line":225,"column":2},"end":{"line":231,"column":3}},"type":"if","locations":[{"start":{"line":225,"column":2},"end":{"line":231,"column":3}},{"start":{},"end":{}}],"line":225},"30":{"loc":{"start":{"line":225,"column":6},"end":{"line":225,"column":75}},"type":"binary-expr","locations":[{"start":{"line":225,"column":6},"end":{"line":225,"column":29}},{"start":{"line":225,"column":33},"end":{"line":225,"column":75}}],"line":225},"31":{"loc":{"start":{"line":240,"column":2},"end":{"line":246,"column":3}},"type":"if","locations":[{"start":{"line":240,"column":2},"end":{"line":246,"column":3}},{"start":{},"end":{}}],"line":240},"32":{"loc":{"start":{"line":240,"column":6},"end":{"line":240,"column":73}},"type":"binary-expr","locations":[{"start":{"line":240,"column":6},"end":{"line":240,"column":28}},{"start":{"line":240,"column":32},"end":{"line":240,"column":73}}],"line":240},"33":{"loc":{"start":{"line":248,"column":2},"end":{"line":254,"column":3}},"type":"if","locations":[{"start":{"line":248,"column":2},"end":{"line":254,"column":3}},{"start":{},"end":{}}],"line":248},"34":{"loc":{"start":{"line":248,"column":6},"end":{"line":248,"column":63}},"type":"binary-expr","locations":[{"start":{"line":248,"column":6},"end":{"line":248,"column":23}},{"start":{"line":248,"column":27},"end":{"line":248,"column":63}}],"line":248},"35":{"loc":{"start":{"line":256,"column":2},"end":{"line":262,"column":3}},"type":"if","locations":[{"start":{"line":256,"column":2},"end":{"line":262,"column":3}},{"start":{},"end":{}}],"line":256},"36":{"loc":{"start":{"line":256,"column":6},"end":{"line":256,"column":61}},"type":"binary-expr","locations":[{"start":{"line":256,"column":6},"end":{"line":256,"column":22}},{"start":{"line":256,"column":26},"end":{"line":256,"column":61}}],"line":256},"37":{"loc":{"start":{"line":264,"column":2},"end":{"line":270,"column":3}},"type":"if","locations":[{"start":{"line":264,"column":2},"end":{"line":270,"column":3}},{"start":{},"end":{}}],"line":264},"38":{"loc":{"start":{"line":264,"column":6},"end":{"line":264,"column":79}},"type":"binary-expr","locations":[{"start":{"line":264,"column":6},"end":{"line":264,"column":26}},{"start":{"line":264,"column":30},"end":{"line":264,"column":79}}],"line":264},"39":{"loc":{"start":{"line":272,"column":2},"end":{"line":284,"column":3}},"type":"if","locations":[{"start":{"line":272,"column":2},"end":{"line":284,"column":3}},{"start":{},"end":{}}],"line":272},"40":{"loc":{"start":{"line":273,"column":4},"end":{"line":277,"column":43}},"type":"binary-expr","locations":[{"start":{"line":273,"column":4},"end":{"line":273,"column":21}},{"start":{"line":274,"column":4},"end":{"line":274,"column":23}},{"start":{"line":275,"column":4},"end":{"line":275,"column":50}},{"start":{"line":276,"column":4},"end":{"line":276,"column":52}},{"start":{"line":277,"column":4},"end":{"line":277,"column":43}}],"line":273},"41":{"loc":{"start":{"line":286,"column":2},"end":{"line":292,"column":3}},"type":"if","locations":[{"start":{"line":286,"column":2},"end":{"line":292,"column":3}},{"start":{},"end":{}}],"line":286},"42":{"loc":{"start":{"line":286,"column":6},"end":{"line":286,"column":79}},"type":"binary-expr","locations":[{"start":{"line":286,"column":6},"end":{"line":286,"column":33}},{"start":{"line":286,"column":38},"end":{"line":286,"column":55}},{"start":{"line":286,"column":59},"end":{"line":286,"column":78}}],"line":286},"43":{"loc":{"start":{"line":301,"column":2},"end":{"line":307,"column":3}},"type":"if","locations":[{"start":{"line":301,"column":2},"end":{"line":307,"column":3}},{"start":{},"end":{}}],"line":301},"44":{"loc":{"start":{"line":301,"column":6},"end":{"line":301,"column":49}},"type":"binary-expr","locations":[{"start":{"line":301,"column":6},"end":{"line":301,"column":16}},{"start":{"line":301,"column":20},"end":{"line":301,"column":49}}],"line":301},"45":{"loc":{"start":{"line":309,"column":2},"end":{"line":315,"column":3}},"type":"if","locations":[{"start":{"line":309,"column":2},"end":{"line":315,"column":3}},{"start":{},"end":{}}],"line":309},"46":{"loc":{"start":{"line":309,"column":6},"end":{"line":309,"column":53}},"type":"binary-expr","locations":[{"start":{"line":309,"column":6},"end":{"line":309,"column":18}},{"start":{"line":309,"column":22},"end":{"line":309,"column":53}}],"line":309},"47":{"loc":{"start":{"line":317,"column":2},"end":{"line":323,"column":3}},"type":"if","locations":[{"start":{"line":317,"column":2},"end":{"line":323,"column":3}},{"start":{},"end":{}}],"line":317},"48":{"loc":{"start":{"line":317,"column":6},"end":{"line":317,"column":53}},"type":"binary-expr","locations":[{"start":{"line":317,"column":6},"end":{"line":317,"column":18}},{"start":{"line":317,"column":22},"end":{"line":317,"column":53}}],"line":317},"49":{"loc":{"start":{"line":325,"column":2},"end":{"line":331,"column":3}},"type":"if","locations":[{"start":{"line":325,"column":2},"end":{"line":331,"column":3}},{"start":{},"end":{}}],"line":325},"50":{"loc":{"start":{"line":325,"column":6},"end":{"line":325,"column":47}},"type":"binary-expr","locations":[{"start":{"line":325,"column":6},"end":{"line":325,"column":17}},{"start":{"line":325,"column":21},"end":{"line":325,"column":47}}],"line":325},"51":{"loc":{"start":{"line":340,"column":2},"end":{"line":346,"column":3}},"type":"if","locations":[{"start":{"line":340,"column":2},"end":{"line":346,"column":3}},{"start":{},"end":{}}],"line":340},"52":{"loc":{"start":{"line":340,"column":6},"end":{"line":340,"column":84}},"type":"binary-expr","locations":[{"start":{"line":340,"column":6},"end":{"line":340,"column":23}},{"start":{"line":340,"column":27},"end":{"line":340,"column":84}}],"line":340},"53":{"loc":{"start":{"line":348,"column":2},"end":{"line":354,"column":3}},"type":"if","locations":[{"start":{"line":348,"column":2},"end":{"line":354,"column":3}},{"start":{},"end":{}}],"line":348},"54":{"loc":{"start":{"line":348,"column":6},"end":{"line":348,"column":77}},"type":"binary-expr","locations":[{"start":{"line":348,"column":6},"end":{"line":348,"column":30}},{"start":{"line":348,"column":34},"end":{"line":348,"column":77}}],"line":348},"55":{"loc":{"start":{"line":356,"column":2},"end":{"line":362,"column":3}},"type":"if","locations":[{"start":{"line":356,"column":2},"end":{"line":362,"column":3}},{"start":{},"end":{}}],"line":356},"56":{"loc":{"start":{"line":356,"column":6},"end":{"line":356,"column":105}},"type":"binary-expr","locations":[{"start":{"line":356,"column":6},"end":{"line":356,"column":42}},{"start":{"line":356,"column":47},"end":{"line":356,"column":73}},{"start":{"line":356,"column":77},"end":{"line":356,"column":104}}],"line":356},"57":{"loc":{"start":{"line":371,"column":2},"end":{"line":377,"column":3}},"type":"if","locations":[{"start":{"line":371,"column":2},"end":{"line":377,"column":3}},{"start":{},"end":{}}],"line":371},"58":{"loc":{"start":{"line":371,"column":6},"end":{"line":371,"column":57}},"type":"binary-expr","locations":[{"start":{"line":371,"column":6},"end":{"line":371,"column":22}},{"start":{"line":371,"column":26},"end":{"line":371,"column":57}}],"line":371},"59":{"loc":{"start":{"line":379,"column":2},"end":{"line":385,"column":3}},"type":"if","locations":[{"start":{"line":379,"column":2},"end":{"line":385,"column":3}},{"start":{},"end":{}}],"line":379},"60":{"loc":{"start":{"line":379,"column":6},"end":{"line":379,"column":53}},"type":"binary-expr","locations":[{"start":{"line":379,"column":6},"end":{"line":379,"column":20}},{"start":{"line":379,"column":24},"end":{"line":379,"column":53}}],"line":379},"61":{"loc":{"start":{"line":387,"column":2},"end":{"line":393,"column":3}},"type":"if","locations":[{"start":{"line":387,"column":2},"end":{"line":393,"column":3}},{"start":{},"end":{}}],"line":387},"62":{"loc":{"start":{"line":387,"column":6},"end":{"line":387,"column":91}},"type":"binary-expr","locations":[{"start":{"line":387,"column":6},"end":{"line":387,"column":37}},{"start":{"line":387,"column":42},"end":{"line":387,"column":63}},{"start":{"line":387,"column":67},"end":{"line":387,"column":90}}],"line":387},"63":{"loc":{"start":{"line":395,"column":2},"end":{"line":401,"column":3}},"type":"if","locations":[{"start":{"line":395,"column":2},"end":{"line":401,"column":3}},{"start":{},"end":{}}],"line":395},"64":{"loc":{"start":{"line":395,"column":6},"end":{"line":395,"column":89}},"type":"binary-expr","locations":[{"start":{"line":395,"column":6},"end":{"line":395,"column":37}},{"start":{"line":395,"column":42},"end":{"line":395,"column":63}},{"start":{"line":395,"column":67},"end":{"line":395,"column":88}}],"line":395},"65":{"loc":{"start":{"line":403,"column":2},"end":{"line":409,"column":3}},"type":"if","locations":[{"start":{"line":403,"column":2},"end":{"line":409,"column":3}},{"start":{},"end":{}}],"line":403},"66":{"loc":{"start":{"line":403,"column":6},"end":{"line":403,"column":70}},"type":"binary-expr","locations":[{"start":{"line":403,"column":6},"end":{"line":403,"column":41}},{"start":{"line":403,"column":45},"end":{"line":403,"column":70}}],"line":403},"67":{"loc":{"start":{"line":418,"column":2},"end":{"line":424,"column":3}},"type":"if","locations":[{"start":{"line":418,"column":2},"end":{"line":424,"column":3}},{"start":{},"end":{}}],"line":418},"68":{"loc":{"start":{"line":418,"column":6},"end":{"line":418,"column":45}},"type":"binary-expr","locations":[{"start":{"line":418,"column":6},"end":{"line":418,"column":14}},{"start":{"line":418,"column":18},"end":{"line":418,"column":45}}],"line":418},"69":{"loc":{"start":{"line":426,"column":2},"end":{"line":434,"column":3}},"type":"if","locations":[{"start":{"line":426,"column":2},"end":{"line":434,"column":3}},{"start":{},"end":{}}],"line":426},"70":{"loc":{"start":{"line":436,"column":2},"end":{"line":442,"column":3}},"type":"if","locations":[{"start":{"line":436,"column":2},"end":{"line":442,"column":3}},{"start":{},"end":{}}],"line":436},"71":{"loc":{"start":{"line":436,"column":6},"end":{"line":436,"column":69}},"type":"binary-expr","locations":[{"start":{"line":436,"column":6},"end":{"line":436,"column":21}},{"start":{"line":436,"column":25},"end":{"line":436,"column":69}}],"line":436},"72":{"loc":{"start":{"line":444,"column":2},"end":{"line":450,"column":3}},"type":"if","locations":[{"start":{"line":444,"column":2},"end":{"line":450,"column":3}},{"start":{},"end":{}}],"line":444},"73":{"loc":{"start":{"line":444,"column":6},"end":{"line":444,"column":69}},"type":"binary-expr","locations":[{"start":{"line":444,"column":6},"end":{"line":444,"column":21}},{"start":{"line":444,"column":25},"end":{"line":444,"column":69}}],"line":444}},"s":{"0":9,"1":9,"2":9,"3":9,"4":6,"5":6,"6":3,"7":3,"8":12,"9":8,"10":2,"11":2,"12":2,"13":2,"14":1,"15":2,"16":1,"17":2,"18":1,"19":2,"20":1,"21":2,"22":1,"23":0,"24":0,"25":0,"26":2,"27":1,"28":0,"29":0,"30":0,"31":2,"32":1,"33":0,"34":0,"35":0,"36":2,"37":2,"38":2,"39":1,"40":2,"41":1,"42":2,"43":1,"44":2,"45":1,"46":2,"47":2,"48":2,"49":1,"50":2,"51":1,"52":2,"53":0,"54":2,"55":1,"56":2,"57":1,"58":2,"59":2,"60":2,"61":1,"62":2,"63":1,"64":2,"65":1,"66":2,"67":0,"68":2,"69":1,"70":2,"71":1,"72":2,"73":3,"74":3,"75":1,"76":3,"77":1,"78":3,"79":1,"80":3,"81":1,"82":3,"83":0,"84":0,"85":0,"86":0,"87":0,"88":0,"89":0,"90":0,"91":2,"92":2,"93":1,"94":2,"95":1,"96":2,"97":1,"98":2,"99":1,"100":2,"101":1,"102":2,"103":0,"104":0,"105":0,"106":0,"107":0,"108":0,"109":0,"110":0,"111":0,"112":0,"113":0,"114":0},"f":{"0":9,"1":9,"2":6,"3":12,"4":8,"5":2,"6":2,"7":0,"8":0,"9":0,"10":0,"11":0,"12":0,"13":2,"14":2,"15":2,"16":3,"17":0,"18":2,"19":0,"20":0},"b":{"0":[12,12],"1":[8,7,6],"2":[1,1],"3":[2,1],"4":[1,1],"5":[2,2],"6":[1,1],"7":[2,2],"8":[1,1],"9":[2,1],"10":[1,1],"11":[1,1],"12":[1,1],"13":[1,1],"14":[2,1],"15":[1,1],"16":[2,2],"17":[1,1],"18":[2,2],"19":[1,1],"20":[2,2],"21":[1,1],"22":[2,1],"23":[1,1],"24":[2,1],"25":[0,2],"26":[2,2],"27":[1,1],"28":[2,2,2,2,2],"29":[1,1],"30":[2,1],"31":[1,1],"32":[2,1],"33":[1,1],"34":[2,1],"35":[1,1],"36":[2,1],"37":[0,2],"38":[2,2],"39":[1,1],"40":[2,2,2,2,2],"41":[1,1],"42":[2,2,2],"43":[1,2],"44":[3,2],"45":[1,2],"46":[3,2],"47":[1,2],"48":[3,2],"49":[1,2],"50":[3,2],"51":[0,0],"52":[0,0],"53":[0,0],"54":[0,0],"55":[0,0],"56":[0,0,0],"57":[1,1],"58":[2,2],"59":[1,1],"60":[2,2],"61":[1,1],"62":[2,2,2],"63":[1,1],"64":[2,2,2],"65":[1,1],"66":[2,2],"67":[0,0],"68":[0,0],"69":[0,0],"70":[0,0],"71":[0,0],"72":[0,0],"73":[0,0]},"_coverageSchema":"1a1c01bbd47fc00a2c39e90264f33305004495a9","hash":"4d4d3a0f9dff0dc43cfbc6e8e40db9a913eaaa9a"}
}
