TN:
SF:src\App.tsx
FN:9,App
FNF:1
FNH:0
FNDA:0,App
DA:10,0
LF:1
LH:0
BRF:0
BRH:0
end_of_record
TN:
SF:src\components\ErrorBoundary.tsx
FN:18,(anonymous_0)
FN:28,(anonymous_1)
FN:35,(anonymous_2)
FN:43,(anonymous_3)
FN:45,(anonymous_4)
FN:54,(anonymous_5)
FN:72,(anonymous_6)
FNF:7
FNH:0
FNDA:0,(anonymous_0)
FNDA:0,(anonymous_1)
FNDA:0,(anonymous_2)
FNDA:0,(anonymous_3)
FNDA:0,(anonymous_4)
FNDA:0,(anonymous_5)
FNDA:0,(anonymous_6)
DA:16,0
DA:19,0
DA:20,0
DA:29,0
DA:36,0
DA:37,0
DA:43,0
DA:44,0
DA:45,0
DA:55,0
DA:56,0
DA:72,0
DA:93,0
LF:13
LH:0
BRDA:44,0,0,0
BRDA:44,0,1,0
BRDA:55,1,0,0
BRDA:55,1,1,0
BRDA:66,2,0,0
BRDA:66,2,1,0
BRDA:77,3,0,0
BRDA:77,3,1,0
BRDA:77,3,2,0
BRF:9
BRH:0
end_of_record
TN:
SF:src\components\Layout.tsx
FN:15,(anonymous_0)
FN:38,(anonymous_1)
FN:68,(anonymous_2)
FNF:3
FNH:0
FNDA:0,(anonymous_0)
FNDA:0,(anonymous_1)
FNDA:0,(anonymous_2)
DA:15,0
DA:16,0
DA:18,0
DA:25,0
DA:39,0
DA:40,0
DA:69,0
DA:70,0
LF:8
LH:0
BRDA:45,0,0,0
BRDA:45,0,1,0
BRDA:75,1,0,0
BRDA:75,1,1,0
BRF:4
BRH:0
end_of_record
TN:
SF:src\pages\AnalysisPage.tsx
FN:3,(anonymous_0)
FNF:1
FNH:0
FNDA:0,(anonymous_0)
DA:3,0
DA:4,0
LF:2
LH:0
BRF:0
BRH:0
end_of_record
TN:
SF:src\pages\HistoryPage.tsx
FN:8,(anonymous_0)
FN:41,(anonymous_1)
FNF:2
FNH:0
FNDA:0,(anonymous_0)
FNDA:0,(anonymous_1)
DA:8,0
DA:9,0
DA:33,0
DA:42,0
LF:4
LH:0
BRDA:84,0,0,0
BRDA:84,0,1,0
BRF:2
BRH:0
end_of_record
TN:
SF:src\pages\HomePage.tsx
FN:10,(anonymous_0)
FN:58,(anonymous_1)
FNF:2
FNH:0
FNDA:0,(anonymous_0)
FNDA:0,(anonymous_1)
DA:10,0
DA:11,0
DA:34,0
DA:59,0
LF:4
LH:0
BRF:0
BRH:0
end_of_record
TN:
SF:src\pages\ResultsPage.tsx
FN:3,(anonymous_0)
FNF:1
FNH:0
FNDA:0,(anonymous_0)
DA:3,0
DA:4,0
LF:2
LH:0
BRF:0
BRH:0
end_of_record
TN:
SF:src\types\index.ts
FNF:0
FNH:0
LF:0
LH:0
BRF:0
BRH:0
end_of_record
TN:
SF:src\utils\cn.ts
FN:8,cn
FNF:1
FNH:0
FNDA:0,cn
DA:9,0
LF:1
LH:0
BRF:0
BRH:0
end_of_record
TN:
SF:src\utils\serialization.ts
FN:18,(anonymous_0)
FN:22,(anonymous_1)
FN:27,(anonymous_2)
FN:37,(anonymous_3)
FN:42,(anonymous_4)
FN:44,(anonymous_5)
FN:54,serializeUser
FN:60,(anonymous_7)
FN:69,deserializeUser
FN:80,(anonymous_9)
FN:91,serializeUserProfile
FN:101,deserializeUserProfile
FN:131,serializeExperience
FN:139,deserializeExperience
FN:150,serializeEducation
FN:158,deserializeEducation
FN:167,serializeProject
FN:175,deserializeProject
FN:186,serializeCertification
FN:194,deserializeCertification
FN:203,serializeJobDescription
FN:212,deserializeJobDescription
FN:224,serializeAIAnalysisResult
FN:235,deserializeAIAnalysisResult
FN:247,serializeAnalysisResult
FN:261,deserializeAnalysisResult
FN:282,serializeUserSkills
FN:283,(anonymous_27)
FN:286,deserializeUserSkills
FN:292,exportUserData
FN:301,importUserData
FN:311,migrateUserData
FN:321,validateBeforeSerialization
FN:329,compressData
FN:335,decompressData
FNF:35
FNH:20
FNDA:20,(anonymous_0)
FNDA:21,(anonymous_1)
FNDA:8,(anonymous_2)
FNDA:1,(anonymous_3)
FNDA:3,(anonymous_4)
FNDA:18,(anonymous_5)
FNDA:2,serializeUser
FNDA:0,(anonymous_7)
FNDA:3,deserializeUser
FNDA:0,(anonymous_9)
FNDA:3,serializeUserProfile
FNDA:4,deserializeUserProfile
FNDA:4,serializeExperience
FNDA:4,deserializeExperience
FNDA:3,serializeEducation
FNDA:3,deserializeEducation
FNDA:0,serializeProject
FNDA:0,deserializeProject
FNDA:0,serializeCertification
FNDA:0,deserializeCertification
FNDA:1,serializeJobDescription
FNDA:1,deserializeJobDescription
FNDA:2,serializeAIAnalysisResult
FNDA:2,deserializeAIAnalysisResult
FNDA:0,serializeAnalysisResult
FNDA:0,deserializeAnalysisResult
FNDA:0,serializeUserSkills
FNDA:0,(anonymous_27)
FNDA:0,deserializeUserSkills
FNDA:1,exportUserData
FNDA:2,importUserData
FNDA:0,migrateUserData
FNDA:0,validateBeforeSerialization
FNDA:0,compressData
FNDA:0,decompressData
DA:19,20
DA:23,21
DA:28,8
DA:29,8
DA:31,2
DA:32,2
DA:38,1
DA:43,3
DA:44,3
DA:45,18
DA:46,16
DA:49,3
DA:55,2
DA:60,0
DA:66,2
DA:70,3
DA:71,3
DA:80,0
DA:92,3
DA:102,4
DA:103,1
DA:119,3
DA:132,4
DA:140,4
DA:151,3
DA:159,3
DA:168,0
DA:176,0
DA:187,0
DA:195,0
DA:204,1
DA:209,1
DA:213,1
DA:214,1
DA:225,2
DA:236,2
DA:248,0
DA:262,0
DA:283,0
DA:287,0
DA:288,0
DA:293,1
DA:298,1
DA:302,2
DA:303,2
DA:313,0
DA:317,0
DA:322,0
DA:323,0
DA:325,0
DA:332,0
DA:337,0
LF:52
LH:34
BRDA:45,0,0,16
BRDA:45,0,1,2
BRDA:45,1,0,18
BRDA:45,1,1,17
BRDA:72,2,0,3
BRDA:72,2,1,1
BRDA:74,3,0,3
BRDA:74,3,1,1
BRDA:80,4,0,3
BRDA:80,4,1,1
BRDA:85,5,0,2
BRDA:85,5,1,1
BRDA:86,6,0,2
BRDA:86,6,1,1
BRDA:96,7,0,3
BRDA:96,7,1,0
BRDA:97,8,0,3
BRDA:97,8,1,0
BRDA:102,9,0,1
BRDA:102,9,1,3
BRDA:121,10,0,3
BRDA:121,10,1,0
BRDA:122,11,0,3
BRDA:122,11,1,0
BRDA:123,12,0,3
BRDA:123,12,1,0
BRDA:124,13,0,3
BRDA:124,13,1,0
BRDA:125,14,0,3
BRDA:125,14,1,0
BRDA:126,15,0,3
BRDA:126,15,1,0
BRDA:135,16,0,3
BRDA:135,16,1,1
BRDA:143,17,0,3
BRDA:143,17,1,1
BRDA:144,18,0,4
BRDA:144,18,1,0
BRDA:145,19,0,4
BRDA:145,19,1,0
BRDA:154,20,0,3
BRDA:154,20,1,0
BRDA:162,21,0,3
BRDA:162,21,1,0
BRDA:171,22,0,0
BRDA:171,22,1,0
BRDA:179,23,0,0
BRDA:179,23,1,0
BRDA:180,24,0,0
BRDA:180,24,1,0
BRDA:181,25,0,0
BRDA:181,25,1,0
BRDA:190,26,0,0
BRDA:190,26,1,0
BRDA:198,27,0,0
BRDA:198,27,1,0
BRDA:218,28,0,1
BRDA:218,28,1,0
BRDA:219,29,0,1
BRDA:219,29,1,0
BRDA:237,30,0,2
BRDA:237,30,1,0
BRDA:238,31,0,2
BRDA:238,31,1,0
BRDA:239,32,0,2
BRDA:239,32,1,0
BRDA:240,33,0,2
BRDA:240,33,1,0
BRDA:241,34,0,2
BRDA:241,34,1,0
BRDA:242,35,0,2
BRDA:242,35,1,0
BRDA:253,36,0,0
BRDA:253,36,1,0
BRDA:265,37,0,0
BRDA:265,37,1,0
BRDA:266,38,0,0
BRDA:266,38,1,0
BRDA:267,39,0,0
BRDA:267,39,1,0
BRDA:271,40,0,0
BRDA:271,40,1,0
BRDA:288,41,0,0
BRDA:288,41,1,0
BRDA:305,42,0,2
BRDA:305,42,1,1
BRDA:322,43,0,0
BRDA:322,43,1,0
BRF:88
BRH:42
end_of_record
TN:
SF:src\utils\validation.ts
FN:17,(anonymous_0)
FN:23,(anonymous_1)
FN:29,(anonymous_2)
FN:39,(anonymous_3)
FN:44,(anonymous_4)
FN:49,(anonymous_5)
FN:66,validateUserProfile
FN:104,(anonymous_7)
FN:106,(anonymous_8)
FN:117,(anonymous_9)
FN:119,(anonymous_10)
FN:130,(anonymous_11)
FN:132,(anonymous_12)
FN:145,validateUserSkill
FN:184,validateExperience
FN:237,validateEducation
FN:298,validateJobDescription
FN:337,validateJobRequirement
FN:368,validateAIAnalysisResult
FN:415,validateUser
FN:428,(anonymous_20)
FNF:21
FNH:12
FNDA:9,(anonymous_0)
FNDA:9,(anonymous_1)
FNDA:6,(anonymous_2)
FNDA:12,(anonymous_3)
FNDA:8,(anonymous_4)
FNDA:2,(anonymous_5)
FNDA:2,validateUserProfile
FNDA:0,(anonymous_7)
FNDA:0,(anonymous_8)
FNDA:0,(anonymous_9)
FNDA:0,(anonymous_10)
FNDA:0,(anonymous_11)
FNDA:0,(anonymous_12)
FNDA:2,validateUserSkill
FNDA:2,validateExperience
FNDA:2,validateEducation
FNDA:3,validateJobDescription
FNDA:0,validateJobRequirement
FNDA:2,validateAIAnalysisResult
FNDA:0,validateUser
FNDA:0,(anonymous_20)
DA:18,9
DA:19,9
DA:24,9
DA:25,9
DA:30,6
DA:31,6
DA:32,3
DA:34,3
DA:40,12
DA:45,8
DA:50,2
DA:61,2
DA:67,2
DA:70,2
DA:71,1
DA:78,2
DA:79,1
DA:86,2
DA:87,1
DA:94,2
DA:95,1
DA:103,2
DA:104,1
DA:105,0
DA:106,0
DA:107,0
DA:116,2
DA:117,1
DA:118,0
DA:119,0
DA:120,0
DA:129,2
DA:130,1
DA:131,0
DA:132,0
DA:133,0
DA:141,2
DA:146,2
DA:148,2
DA:149,1
DA:156,2
DA:157,1
DA:164,2
DA:165,1
DA:172,2
DA:173,1
DA:180,2
DA:185,2
DA:187,2
DA:188,1
DA:195,2
DA:196,1
DA:203,2
DA:204,0
DA:211,2
DA:218,1
DA:225,2
DA:226,1
DA:233,2
DA:238,2
DA:240,2
DA:241,1
DA:248,2
DA:249,1
DA:256,2
DA:257,1
DA:264,2
DA:265,0
DA:272,2
DA:279,1
DA:286,2
DA:287,1
DA:294,2
DA:299,3
DA:301,3
DA:302,1
DA:309,3
DA:310,1
DA:317,3
DA:318,1
DA:325,3
DA:326,1
DA:333,3
DA:338,0
DA:340,0
DA:341,0
DA:348,0
DA:349,0
DA:356,0
DA:357,0
DA:364,0
DA:369,2
DA:371,2
DA:372,1
DA:379,2
DA:380,1
DA:387,2
DA:388,1
DA:395,2
DA:396,1
DA:403,2
DA:404,1
DA:411,2
DA:416,0
DA:418,0
DA:419,0
DA:426,0
DA:427,0
DA:428,0
DA:429,0
DA:436,0
DA:437,0
DA:444,0
DA:445,0
DA:452,0
LF:115
LH:84
BRDA:40,0,0,12
BRDA:40,0,1,12
BRDA:45,1,0,8
BRDA:45,1,1,7
BRDA:45,1,2,6
BRDA:70,2,0,1
BRDA:70,2,1,1
BRDA:70,3,0,2
BRDA:70,3,1,1
BRDA:78,4,0,1
BRDA:78,4,1,1
BRDA:78,5,0,2
BRDA:78,5,1,2
BRDA:86,6,0,1
BRDA:86,6,1,1
BRDA:86,7,0,2
BRDA:86,7,1,2
BRDA:94,8,0,1
BRDA:94,8,1,1
BRDA:94,9,0,2
BRDA:94,9,1,1
BRDA:103,10,0,1
BRDA:103,10,1,1
BRDA:116,11,0,1
BRDA:116,11,1,1
BRDA:129,12,0,1
BRDA:129,12,1,1
BRDA:148,13,0,1
BRDA:148,13,1,1
BRDA:148,14,0,2
BRDA:148,14,1,1
BRDA:156,15,0,1
BRDA:156,15,1,1
BRDA:156,16,0,2
BRDA:156,16,1,2
BRDA:164,17,0,1
BRDA:164,17,1,1
BRDA:164,18,0,2
BRDA:164,18,1,2
BRDA:172,19,0,1
BRDA:172,19,1,1
BRDA:172,20,0,2
BRDA:172,20,1,2
BRDA:187,21,0,1
BRDA:187,21,1,1
BRDA:187,22,0,2
BRDA:187,22,1,1
BRDA:195,23,0,1
BRDA:195,23,1,1
BRDA:195,24,0,2
BRDA:195,24,1,1
BRDA:203,25,0,0
BRDA:203,25,1,2
BRDA:203,26,0,2
BRDA:203,26,1,2
BRDA:211,27,0,1
BRDA:211,27,1,1
BRDA:212,28,0,2
BRDA:212,28,1,2
BRDA:212,28,2,2
BRDA:212,28,3,2
BRDA:212,28,4,2
BRDA:225,29,0,1
BRDA:225,29,1,1
BRDA:225,30,0,2
BRDA:225,30,1,1
BRDA:240,31,0,1
BRDA:240,31,1,1
BRDA:240,32,0,2
BRDA:240,32,1,1
BRDA:248,33,0,1
BRDA:248,33,1,1
BRDA:248,34,0,2
BRDA:248,34,1,1
BRDA:256,35,0,1
BRDA:256,35,1,1
BRDA:256,36,0,2
BRDA:256,36,1,1
BRDA:264,37,0,0
BRDA:264,37,1,2
BRDA:264,38,0,2
BRDA:264,38,1,2
BRDA:272,39,0,1
BRDA:272,39,1,1
BRDA:273,40,0,2
BRDA:273,40,1,2
BRDA:273,40,2,2
BRDA:273,40,3,2
BRDA:273,40,4,2
BRDA:286,41,0,1
BRDA:286,41,1,1
BRDA:286,42,0,2
BRDA:286,42,1,2
BRDA:286,42,2,2
BRDA:301,43,0,1
BRDA:301,43,1,2
BRDA:301,44,0,3
BRDA:301,44,1,2
BRDA:309,45,0,1
BRDA:309,45,1,2
BRDA:309,46,0,3
BRDA:309,46,1,2
BRDA:317,47,0,1
BRDA:317,47,1,2
BRDA:317,48,0,3
BRDA:317,48,1,2
BRDA:325,49,0,1
BRDA:325,49,1,2
BRDA:325,50,0,3
BRDA:325,50,1,2
BRDA:340,51,0,0
BRDA:340,51,1,0
BRDA:340,52,0,0
BRDA:340,52,1,0
BRDA:348,53,0,0
BRDA:348,53,1,0
BRDA:348,54,0,0
BRDA:348,54,1,0
BRDA:356,55,0,0
BRDA:356,55,1,0
BRDA:356,56,0,0
BRDA:356,56,1,0
BRDA:356,56,2,0
BRDA:371,57,0,1
BRDA:371,57,1,1
BRDA:371,58,0,2
BRDA:371,58,1,2
BRDA:379,59,0,1
BRDA:379,59,1,1
BRDA:379,60,0,2
BRDA:379,60,1,2
BRDA:387,61,0,1
BRDA:387,61,1,1
BRDA:387,62,0,2
BRDA:387,62,1,2
BRDA:387,62,2,2
BRDA:395,63,0,1
BRDA:395,63,1,1
BRDA:395,64,0,2
BRDA:395,64,1,2
BRDA:395,64,2,2
BRDA:403,65,0,1
BRDA:403,65,1,1
BRDA:403,66,0,2
BRDA:403,66,1,2
BRDA:418,67,0,0
BRDA:418,67,1,0
BRDA:418,68,0,0
BRDA:418,68,1,0
BRDA:426,69,0,0
BRDA:426,69,1,0
BRDA:436,70,0,0
BRDA:436,70,1,0
BRDA:436,71,0,0
BRDA:436,71,1,0
BRDA:444,72,0,0
BRDA:444,72,1,0
BRDA:444,73,0,0
BRDA:444,73,1,0
BRF:159
BRH:130
end_of_record
